<?xml version="1.0" encoding="UTF-8"?>
<!-- Generated by org.testng.reporters.JUnitReportReporter -->
<testsuite hostname="Ashok" failures="0" tests="1" name="weather_Data.TC01WeatherMenu" time="1.702" errors="0" timestamp="2023-07-28T19:22:34 IST" skipped="0">
  <testcase classname="weather_Data.TC01WeatherMenu" name="validate_Weather_City_Name" time="1.702"/>
  <system-out/>
</testsuite> <!-- weather_Data.TC01WeatherMenu -->
